<?xml version="1.0" encoding="UTF-8"?>
<!-- Generated by org.testng.reporters.JUnitXMLReporter -->
<testsuite ignored="0" hostname="DESKTOP-2GG0O67" failures="0" tests="4" name="Default test" time="5.458" errors="0" timestamp="2024-05-27T11:03:39 IST">
  <testcase classname="restAssureds.RS" name="addPlace" time="3.132"/>
  <testcase classname="restAssureds.RS" name="updatePlace" time="1.391"/>
  <testcase classname="restAssureds.RS" name="getPlace" time="0.836"/>
  <testcase classname="restAssureds.RS" name="deletePlace" time="0.001"/>
</testsuite> <!-- Default test -->
