<?xml version="1.0" encoding="UTF-8"?>
<testng-results ignored="0" total="4" passed="4" failed="0" skipped="0">
  <reporter-output>
  </reporter-output>
  <suite started-at="2024-05-27T11:03:34 IST" name="Default suite" finished-at="2024-05-27T11:03:39 IST" duration-ms="5458">
    <groups>
    </groups>
    <test started-at="2024-05-27T11:03:34 IST" name="Default test" finished-at="2024-05-27T11:03:39 IST" duration-ms="5458">
      <class name="restAssureds.RS">
        <test-method signature="addPlace()[pri:1, instance:restAssureds.RS@4fb3ee4e]" started-at="2024-05-27T11:03:34 IST" name="addPlace" finished-at="2024-05-27T11:03:37 IST" duration-ms="3132" status="PASS">
          <reporter-output>
          </reporter-output>
        </test-method> <!-- addPlace -->
        <test-method signature="updatePlace()[pri:2, instance:restAssureds.RS@4fb3ee4e]" started-at="2024-05-27T11:03:37 IST" name="updatePlace" finished-at="2024-05-27T11:03:38 IST" duration-ms="1391" status="PASS">
          <reporter-output>
          </reporter-output>
        </test-method> <!-- updatePlace -->
        <test-method signature="getPlace()[pri:3, instance:restAssureds.RS@4fb3ee4e]" started-at="2024-05-27T11:03:38 IST" name="getPlace" finished-at="2024-05-27T11:03:39 IST" duration-ms="836" status="PASS">
          <reporter-output>
          </reporter-output>
        </test-method> <!-- getPlace -->
        <test-method signature="deletePlace()[pri:4, instance:restAssureds.RS@4fb3ee4e]" started-at="2024-05-27T11:03:39 IST" name="deletePlace" finished-at="2024-05-27T11:03:39 IST" duration-ms="1" status="PASS">
          <reporter-output>
          </reporter-output>
        </test-method> <!-- deletePlace -->
      </class> <!-- restAssureds.RS -->
    </test> <!-- Default test -->
  </suite> <!-- Default suite -->
</testng-results>
